<?xml version="1.0" encoding="UTF-8"?>
<testng-results ignored="0" total="4" passed="4" failed="0" skipped="0">
  <reporter-output>
  </reporter-output>
  <suite started-at="2024-10-18T16:25:33 IST" name="Default suite" finished-at="2024-10-18T16:27:08 IST" duration-ms="94994">
    <groups>
      <group name="cucumber">
        <method signature="AbstractTestNGCucumberTests.runScenario(io.cucumber.testng.PickleWrapper,io.cucumber.testng.FeatureWrapper)[pri:0, instance:runner.TestRunner@6200f9cb]" name="runScenario" class="io.cucumber.testng.AbstractTestNGCucumberTests"/>
      </group> <!-- cucumber -->
    </groups>
    <test started-at="2024-10-18T16:25:33 IST" name="Default test" finished-at="2024-10-18T16:27:08 IST" duration-ms="94994">
      <class name="runner.TestRunner">
        <test-method is-config="true" signature="setUpClass(org.testng.ITestContext)[pri:0, instance:runner.TestRunner@6200f9cb]" started-at="2024-10-18T16:25:33 IST" name="setUpClass" finished-at="2024-10-18T16:25:34 IST" duration-ms="967" status="PASS">
          <params>
            <param index="0">
              <value>
                <![CDATA[org.testng.TestRunner@67bd351e]]>
              </value>
            </param>
          </params>
          <reporter-output>
          </reporter-output>
        </test-method> <!-- setUpClass -->
        <test-method signature="runScenario(io.cucumber.testng.PickleWrapper,io.cucumber.testng.FeatureWrapper)[pri:0, instance:runner.TestRunner@6200f9cb]" started-at="2024-10-18T16:25:34 IST" name="runScenario" description="Runs Cucumber Scenarios" data-provider="scenarios" finished-at="2024-10-18T16:25:59 IST" duration-ms="24463" status="PASS">
          <params>
            <param index="0">
              <value>
                <![CDATA["Validate option of mydemoapp"]]>
              </value>
            </param>
            <param index="1">
              <value>
                <![CDATA["Validate the new features of new application"]]>
              </value>
            </param>
          </params>
          <reporter-output>
          </reporter-output>
        </test-method> <!-- runScenario -->
        <test-method signature="runScenario(io.cucumber.testng.PickleWrapper,io.cucumber.testng.FeatureWrapper)[pri:0, instance:runner.TestRunner@6200f9cb]" started-at="2024-10-18T16:25:59 IST" name="runScenario" description="Runs Cucumber Scenarios" data-provider="scenarios" finished-at="2024-10-18T16:26:21 IST" duration-ms="22392" status="PASS">
          <params>
            <param index="0">
              <value>
                <![CDATA["Validate option of mydemoapp"]]>
              </value>
            </param>
            <param index="1">
              <value>
                <![CDATA["Validate the new features of new application"]]>
              </value>
            </param>
          </params>
          <reporter-output>
          </reporter-output>
        </test-method> <!-- runScenario -->
        <test-method signature="runScenario(io.cucumber.testng.PickleWrapper,io.cucumber.testng.FeatureWrapper)[pri:0, instance:runner.TestRunner@6200f9cb]" started-at="2024-10-18T16:26:21 IST" name="runScenario" description="Runs Cucumber Scenarios" data-provider="scenarios" finished-at="2024-10-18T16:26:44 IST" duration-ms="23226" status="PASS">
          <params>
            <param index="0">
              <value>
                <![CDATA["Validate option of mydemoapp"]]>
              </value>
            </param>
            <param index="1">
              <value>
                <![CDATA["Validate the new features of new application"]]>
              </value>
            </param>
          </params>
          <reporter-output>
          </reporter-output>
        </test-method> <!-- runScenario -->
        <test-method signature="runScenario(io.cucumber.testng.PickleWrapper,io.cucumber.testng.FeatureWrapper)[pri:0, instance:runner.TestRunner@6200f9cb]" started-at="2024-10-18T16:26:44 IST" name="runScenario" description="Runs Cucumber Scenarios" data-provider="scenarios" finished-at="2024-10-18T16:27:08 IST" duration-ms="23818" status="PASS">
          <params>
            <param index="0">
              <value>
                <![CDATA["Validate option of mydemoapp"]]>
              </value>
            </param>
            <param index="1">
              <value>
                <![CDATA["Validate the new features of new application"]]>
              </value>
            </param>
          </params>
          <reporter-output>
          </reporter-output>
        </test-method> <!-- runScenario -->
        <test-method is-config="true" signature="tearDownClass()[pri:0, instance:runner.TestRunner@6200f9cb]" started-at="2024-10-18T16:27:08 IST" name="tearDownClass" finished-at="2024-10-18T16:27:08 IST" duration-ms="40" status="PASS">
          <reporter-output>
          </reporter-output>
        </test-method> <!-- tearDownClass -->
      </class> <!-- runner.TestRunner -->
    </test> <!-- Default test -->
  </suite> <!-- Default suite -->
</testng-results>
